<?xml version="1.0" encoding="UTF-8"?>
<!-- Generated by org.testng.reporters.JUnitReportReporter -->
<testsuite hostname="DESKTOP-J7DE9N2" failures="0" tests="1" name="com.login.testCases.TC_LoginPassTest" time="3.927" errors="0" timestamp="2021-10-14T18:52:00 BST" skipped="0">
  <testcase classname="com.login.testCases.TC_LoginPassTest" name="loginPassTest" time="3.927"/>
  <system-out/>
</testsuite> <!-- com.login.testCases.TC_LoginPassTest -->
