<?xml version="1.0" encoding="UTF-8"?>
<!-- Generated by org.testng.reporters.JUnitReportReporter -->
<testsuite hostname="DESKTOP-J7DE9N2" failures="0" tests="1" name="com.login.testCases.TC_LoginTest_002" time="3.684" errors="0" timestamp="2021-10-14T00:31:37 BST" skipped="0">
  <testcase classname="com.login.testCases.TC_LoginTest_002" name="loginTest" time="3.684"/>
  <system-out/>
</testsuite> <!-- com.login.testCases.TC_LoginTest_002 -->
