<?xml version="1.0" encoding="UTF-8"?>
<!-- Generated by org.testng.reporters.JUnitReportReporter -->
<testsuite hostname="DESKTOP-J7DE9N2" failures="0" tests="1" name="com.login.testCases.TC_LoginFailTest" time="1.725" errors="0" timestamp="2021-10-14T18:52:00 BST" skipped="0">
  <testcase classname="com.login.testCases.TC_LoginFailTest" name="loginFailTest" time="1.725"/>
  <system-out/>
</testsuite> <!-- com.login.testCases.TC_LoginFailTest -->
