<?xml version="1.0" encoding="UTF-8"?>
<!-- Generated by org.testng.reporters.JUnitReportReporter -->
<testsuite hostname="DESKTOP-J7DE9N2" failures="0" tests="1" name="com.login.testCases.TC_RemoveItemTest" time="10.303" errors="0" timestamp="2021-10-14T18:52:00 BST" skipped="0">
  <testcase classname="com.login.testCases.TC_RemoveItemTest" name="RemoveItemTest" time="10.303"/>
  <system-out/>
</testsuite> <!-- com.login.testCases.TC_RemoveItemTest -->
